<?xml version="1.0" encoding="UTF-8"?>
<!-- Generated by org.testng.reporters.JUnitReportReporter -->
<testsuite hostname="Admin" failures="0" tests="1" name="Basic.TiraTest" time="3.232" errors="0" timestamp="2024-01-18T09:55:43 IST" skipped="0">
  <testcase classname="Basic.TiraTest" name="PerfumeTest" time="3.232"/>
  <system-out/>
</testsuite> <!-- Basic.TiraTest -->
