<?xml version="1.0" encoding="UTF-8"?>
<!-- Generated by org.testng.reporters.JUnitReportReporter -->
<testsuite hostname="Admin" failures="0" tests="1" name="Basic.Myntra" time="2.811" errors="0" timestamp="2024-01-17T10:55:04 IST" skipped="0">
  <testcase classname="Basic.Myntra" name="LaunchTest" time="2.811"/>
  <system-out/>
</testsuite> <!-- Basic.Myntra -->
